2009-03-21 04:58:52 Debug: Notice (8): Array to string conversion in [APP\controllers\migrate_controller.php, line 11]
2009-03-21 04:58:52 Debug: Notice (8): Use of undefined constant salt - assumed 'salt' in [APP\controllers\migrate_controller.php, line 15]
2009-03-21 05:00:29 Debug: Notice (8): Use of undefined constant salt - assumed 'salt' in [APP\controllers\migrate_controller.php, line 17]
2009-03-21 05:46:43 Debug: Notice (8): Undefined index:  Element in [APP\views\migrate\export.ctp, line 42]
2009-03-21 06:00:52 Debug: Notice (8): Undefined index:  TicketComment in [APP\controllers\migrate_controller.php, line 37]
2009-03-21 06:00:52 Debug: Notice (8): Undefined index:  TicketChange in [APP\controllers\migrate_controller.php, line 41]
2009-03-21 06:03:27 Debug: Notice (8): Undefined variable: project in [APP\controllers\migrate_controller.php, line 12]
2009-03-21 06:05:11 Debug: Notice (8): Undefined variable: table in [APP\views\migrate\export.ctp, line 6]
2009-03-21 06:12:17 Debug: Notice (8): Undefined index:  project in [APP\views\migrate\export.ctp, line 10]
2009-03-21 06:12:17 Debug: Notice (8): Undefined index:  user in [APP\views\migrate\export.ctp, line 10]
2009-03-21 06:12:17 Debug: Notice (8): Undefined index:  milestone in [APP\views\migrate\export.ctp, line 10]
2009-03-21 06:12:17 Debug: Notice (8): Undefined index:  ticket in [APP\views\migrate\export.ctp, line 10]
2009-03-21 06:12:17 Debug: Notice (8): Undefined index:  timeclock in [APP\views\migrate\export.ctp, line 10]
2009-03-21 06:12:17 Debug: Notice (8): Undefined index:  version in [APP\views\migrate\export.ctp, line 10]
2009-03-21 06:12:17 Debug: Notice (8): Undefined index:  elements in [APP\views\migrate\export.ctp, line 10]
2009-03-21 06:33:22 Debug: Notice (8): Undefined index:  TicketComment in [APP\controllers\migrate_controller.php, line 37]
2009-03-21 06:33:22 Debug: Notice (8): Undefined index:  TicketChange in [APP\controllers\migrate_controller.php, line 41]
2009-03-21 06:36:39 Debug: Notice (8): Undefined property: MigrateController::$Ticket in [APP\controllers\migrate_controller.php, line 10]
2009-03-21 06:54:52 Debug: Notice (8): Undefined variable: data in [APP\controllers\migrate_controller.php, line 43]
2009-03-21 06:54:55 Debug: Notice (8): Undefined variable: data in [APP\controllers\migrate_controller.php, line 43]
2009-03-21 06:55:18 Debug: Notice (8): Undefined variable: data in [APP\controllers\migrate_controller.php, line 52]
2009-03-21 06:55:59 Debug: Notice (8): Undefined variable: data in [APP\controllers\migrate_controller.php, line 52]
2009-03-21 06:56:34 Debug: Notice (8): Undefined variable: data in [APP\controllers\migrate_controller.php, line 53]
2009-03-21 06:57:26 Debug: Notice (8): Undefined variable: data in [APP\controllers\migrate_controller.php, line 55]
